Arguments: 
  /home/bren-z/.nvm/versions/node/v16.9.0/bin/node /usr/share/yarn/bin/yarn.js init

PATH: 
  /home/bren-z/.local/share/pnpm:/home/bren-z/.zinit/polaris/bin:/home/bren-z/.nvm/versions/node/v16.9.0/bin:/usr/local/sbin:/usr/local/bin:/usr/sbin:/usr/bin:/sbin:/bin:/usr/games:/usr/local/games:/usr/lib/wsl/lib:/mnt/c/Program Files (x86)/Razer Chroma SDK/bin:/mnt/c/Program Files/Razer Chroma SDK/bin:/mnt/c/Program Files (x86)/Razer/ChromaBroadcast/bin:/mnt/c/Program Files/Razer/ChromaBroadcast/bin:/mnt/c/Windows/system32:/mnt/c/Windows:/mnt/c/Windows/System32/Wbem:/mnt/c/Windows/System32/WindowsPowerShell/v1.0/:/mnt/c/Windows/System32/OpenSSH/:/mnt/c/Program Files/NVIDIA Corporation/NVIDIA NvDLISR:/mnt/c/Users/brenZ-Legion/AppData/Local/Microsoft/WindowsApps:/mnt/c/Program Files/Bandizip/:/mnt/c/Program Files/dotnet/:/mnt/c/WINDOWS/system32:/mnt/c/WINDOWS:/mnt/c/WINDOWS/System32/Wbem:/mnt/c/WINDOWS/System32/WindowsPowerShell/v1.0/:/mnt/c/WINDOWS/System32/OpenSSH/:/mnt/c/Program Files/Git/cmd:/mnt/c/WINDOWS/system32/config/systemprofile/AppData/Local/Microsoft/WindowsApps:/mnt/c/Program Files/PowerShell/7/:/mnt/c/Program Files (x86)/NVIDIA Corporation/PhysX/Common:/mnt/c/WINDOWS/system32:/mnt/c/WINDOWS:/mnt/c/WINDOWS/System32/Wbem:/mnt/c/WINDOWS/System32/WindowsPowerShell/v1.0/:/mnt/c/WINDOWS/System32/OpenSSH/:/mnt/c/Program Files/Docker/Docker/resources/bin:/mnt/c/ProgramData/DockerDesktop/version-bin:/mnt/c/Users/brenZ-Legion/scoop/apps/python/current/Scripts:/mnt/c/Users/brenZ-Legion/scoop/apps/python/current:/mnt/c/Users/brenZ-Legion/scoop/apps/yarn/current/global/node_modules/.bin:/mnt/c/Users/brenZ-Legion/scoop/apps/yarn/current/Yarn/bin:/mnt/c/Users/brenZ-Legion/scoop/apps/nvm/current/nodejs/nodejs:/mnt/c/Users/brenZ-Legion/scoop/apps/nodejs/current/bin:/mnt/c/Users/brenZ-Legion/scoop/apps/nodejs/current:/mnt/c/Users/brenZ-Legion/scoop/shims:/mnt/c/Users/brenZ-Legion/AppData/Local/Programs/Microsoft VS Code/bin:/mnt/c/Users/brenZ-Legion/.dotnet/tools:/usr/local/go/bin:/home/bren-z/.yarn/bin

Yarn version: 
  1.22.5

Node version: 
  16.9.0

Platform: 
  linux x64

Trace: 
  Error: canceled
      at Interface.<anonymous> (/usr/share/yarn/lib/cli.js:137009:13)
      at Interface.emit (node:events:394:28)
      at Interface._ttyWrite (node:readline:1081:16)
      at ReadStream.onkeypress (node:readline:288:10)
      at ReadStream.emit (node:events:394:28)
      at emitKeys (node:internal/readline/utils:358:14)
      at emitKeys.next (<anonymous>)
      at ReadStream.onData (node:internal/readline/emitKeypressEvents:61:36)
      at ReadStream.emit (node:events:394:28)
      at addChunk (node:internal/streams/readable:315:12)

npm manifest: 
  No manifest

yarn manifest: 
  No manifest

Lockfile: 
  No lockfile
